2026-06-09T17:36:59.997+1000 [INFO]  Terraform version: 1.15.5
2026-06-09T17:36:59.997+1000 [INFO]  Go runtime version: go1.25.10
2026-06-09T17:36:59.997+1000 [INFO]  CLI args: []string{"terraform", "init"}
2026-06-09T17:36:59.998+1000 [INFO]  CLI command args: []string{"init"}
2026-06-09T17:37:27.855+1000 [WARN]  expired openpgp key from HashiCorp Security (hashicorp.com/security) <security@hashicorp.com>
2026-06-09T17:37:27.856+1000 [WARN]  expired openpgp key from HashiCorp Security (hashicorp.com/security) <security@hashicorp.com>
2026-06-09T17:37:36.953+1000 [INFO]  Terraform version: 1.15.5
2026-06-09T17:37:36.954+1000 [INFO]  Go runtime version: go1.25.10
2026-06-09T17:37:36.954+1000 [INFO]  CLI args: []string{"terraform", "apply"}
2026-06-09T17:37:36.954+1000 [INFO]  CLI command args: []string{"apply"}
2026-06-09T17:37:37.246+1000 [INFO]  backend/local: starting Apply operation
2026-06-09T17:37:42.176+1000 [WARN]  backend/local: Failed to request user input for variable "container_image": interrupted
2026-06-09T17:37:42.176+1000 [WARN]  backend/local: Failed to request user input for variable "db_endpoint": interrupted
2026-06-09T17:37:42.176+1000 [WARN]  backend/local: Failed to request user input for variable "db_name": interrupted
2026-06-09T17:37:42.176+1000 [WARN]  backend/local: Failed to request user input for variable "db_password_secret_arn": interrupted
2026-06-09T17:37:42.176+1000 [WARN]  backend/local: Failed to request user input for variable "ecs_security_group_id": interrupted
2026-06-09T17:37:42.176+1000 [WARN]  backend/local: Failed to request user input for variable "name": interrupted
2026-06-09T17:37:42.176+1000 [WARN]  backend/local: Failed to request user input for variable "private_subnet_ids": interrupted
2026-06-09T17:37:42.176+1000 [WARN]  backend/local: Failed to request user input for variable "rsa_private_key_secret_arn": interrupted
2026-06-09T17:37:42.176+1000 [WARN]  backend/local: Failed to request user input for variable "rsa_public_key_secret_arn": interrupted
2026-06-09T17:37:42.176+1000 [WARN]  backend/local: Failed to request user input for variable "secret_arns": interrupted
2026-06-09T17:37:42.176+1000 [WARN]  backend/local: Failed to request user input for variable "target_group_arn": interrupted
2026-06-09T17:37:42.176+1000 [WARN]  backend/local: Failed to request user input for variable "vpc_id": interrupted
2026-06-09T17:37:45.103+1000 [INFO]  Terraform version: 1.15.5
2026-06-09T17:37:45.103+1000 [INFO]  Go runtime version: go1.25.10
2026-06-09T17:37:45.103+1000 [INFO]  CLI args: []string{"terraform", "apply"}
2026-06-09T17:37:45.103+1000 [INFO]  CLI command args: []string{"apply"}
2026-06-09T17:37:45.396+1000 [INFO]  backend/local: starting Apply operation
2026-06-09T17:37:56.263+1000 [WARN]  backend/local: Failed to request user input for variable "aws_region": interrupted
2026-06-09T17:37:56.263+1000 [WARN]  backend/local: Failed to request user input for variable "container_image": interrupted
2026-06-09T17:37:56.263+1000 [WARN]  backend/local: Failed to request user input for variable "db_endpoint": interrupted
2026-06-09T17:37:56.263+1000 [WARN]  backend/local: Failed to request user input for variable "db_name": interrupted
2026-06-09T17:37:56.263+1000 [WARN]  backend/local: Failed to request user input for variable "db_password_secret_arn": interrupted
2026-06-09T17:37:56.263+1000 [WARN]  backend/local: Failed to request user input for variable "ecs_security_group_id": interrupted
2026-06-09T17:37:56.263+1000 [WARN]  backend/local: Failed to request user input for variable "name": interrupted
2026-06-09T17:37:56.264+1000 [WARN]  backend/local: Failed to request user input for variable "private_subnet_ids": interrupted
2026-06-09T17:37:56.264+1000 [WARN]  backend/local: Failed to request user input for variable "rsa_private_key_secret_arn": interrupted
2026-06-09T17:37:56.264+1000 [WARN]  backend/local: Failed to request user input for variable "rsa_public_key_secret_arn": interrupted
2026-06-09T17:37:56.264+1000 [WARN]  backend/local: Failed to request user input for variable "secret_arns": interrupted
2026-06-09T17:37:56.264+1000 [WARN]  backend/local: Failed to request user input for variable "target_group_arn": interrupted
2026-06-09T17:37:56.264+1000 [WARN]  backend/local: Failed to request user input for variable "vpc_id": interrupted
